<?xml version="1.0" encoding="UTF-8" ?>
<testsuite tests="1" failures="1" name="com.learautomation.testcases.TestCaseWithoutFramework" time="11.073" errors="0" skipped="0">
  <properties>
[...]
</properties>
  <testcase classname="com.learautomation.testcases.TestCaseWithoutFramework" name="test1" time="11.073">
    <failure message="The following asserts failed:
	expected [Something went wrong...] but found [Something went wrong...M]" type="java.lang.AssertionError">java.lang.AssertionError: The following asserts failed:
	expected [Something went wrong...] but found [Something went wrong...M]
	at org.testng.asserts.SoftAssert.assertAll(SoftAssert.java:46)
	at org.testng.asserts.SoftAssert.assertAll(SoftAssert.java:30)
	at com.learautomation.testcases.TestCaseWithoutFramework.test1(TestCaseWithoutFramework.java:30)
</failure>
    <system-out>Configuring TestNG with: org.apache.maven.surefire.testng.conf.TestNG652Configurator@52f759d7
</system-out>
    <system-err>SLF4J: Failed to load class &quot;org.slf4j.impl.StaticLoggerBinder&quot;.
SLF4J: Defaulting to no-operation (NOP) logger implementation
SLF4J: See http://www.slf4j.org/codes.html#StaticLoggerBinder for further details.
Starting ChromeDriver 99.0.4844.51 (d537ec02474b5afe23684e7963d538896c63ac77-refs/branch-heads/4844@{#875}) on port 49512
Only local connections are allowed.
Please see https://chromedriver.chromium.org/security-considerations for suggestions on keeping ChromeDriver safe.
ChromeDriver was started successfully.
Mar 20, 2022 8:38:30 PM org.openqa.selenium.remote.ProtocolHandshake createSession
INFO: Detected dialect: W3C
Mar 20, 2022 8:38:30 PM org.openqa.selenium.devtools.CdpVersionFinder findNearestMatch
WARNING: Unable to find an exact match for CDP version 99, so returning the closest version found: 97
Mar 20, 2022 8:38:30 PM org.openqa.selenium.devtools.CdpVersionFinder findNearestMatch
INFO: Found CDP implementation for version 99 of 97
</system-err>
  </testcase>
</testsuite>