<?xml version="1.0" encoding="UTF-8"?>
<testng-results ignored="0" total="1" passed="1" failed="0" skipped="0">
  <reporter-output>
  </reporter-output>
  <suite started-at="2022-03-20T22:24:54 IST" name="Default suite" finished-at="2022-03-20T22:25:03 IST" duration-ms="9408">
    <groups>
    </groups>
    <test started-at="2022-03-20T22:24:54 IST" name="Default test" finished-at="2022-03-20T22:25:03 IST" duration-ms="9408">
      <class name="com.learautomation.testcases.loginTestCRM">
        <test-method is-config="true" signature="setUp()[pri:0, instance:com.learautomation.testcases.loginTestCRM@2dc54ad4]" started-at="2022-03-20T22:24:54 IST" name="setUp" finished-at="2022-03-20T22:25:00 IST" duration-ms="5868" status="PASS">
          <reporter-output>
          </reporter-output>
        </test-method> <!-- setUp -->
        <test-method signature="loginApp()[pri:0, instance:com.learautomation.testcases.loginTestCRM@2dc54ad4]" started-at="2022-03-20T22:25:00 IST" name="loginApp" finished-at="2022-03-20T22:25:02 IST" duration-ms="2693" status="PASS">
          <reporter-output>
          </reporter-output>
        </test-method> <!-- loginApp -->
        <test-method is-config="true" signature="close()[pri:0, instance:com.learautomation.testcases.loginTestCRM@2dc54ad4]" started-at="2022-03-20T22:25:02 IST" name="close" finished-at="2022-03-20T22:25:03 IST" duration-ms="803" status="PASS">
          <reporter-output>
          </reporter-output>
        </test-method> <!-- close -->
      </class> <!-- com.learautomation.testcases.loginTestCRM -->
    </test> <!-- Default test -->
  </suite> <!-- Default suite -->
</testng-results>
